#
# There is insufficient memory for the Java Runtime Environment to continue.
# Native memory allocation (mmap) failed to map 268435456 bytes for Failed to commit area from 0x0000000701800000 to 0x0000000711800000 of length 268435456.
# Possible reasons:
#   The system is out of physical RAM or swap space
#   The process is running with CompressedOops enabled, and the Java Heap may be blocking the growth of the native heap
# Possible solutions:
#   Reduce memory load on the system
#   Increase physical memory or swap space
#   Check if swap backing store is full
#   Decrease Java heap size (-Xmx/-Xms)
#   Decrease number of Java threads
#   Decrease Java thread stack sizes (-Xss)
#   Set larger code cache with -XX:ReservedCodeCacheSize=
# This output file may be truncated or incomplete.
#
#  Out of Memory Error (./src/hotspot/os/windows/os_windows.cpp:3521), pid=52400, tid=34184
#
# JRE version:  (11.0.12+7) (build )
# Java VM: OpenJDK 64-Bit Server VM (11.0.12+7-b1504.40, mixed mode, sharing, tiered, compressed oops, g1 gc, windows-amd64)
# No core dump will be written. Minidumps are not enabled by default on client versions of Windows
#

---------------  S U M M A R Y ------------

Command Line: git4idea.http.GitAskPassApp Username for 'https://github.com': 

Host: Intel(R) Core(TM) i7-8750H CPU @ 2.20GHz, 12 cores, 15G,  Windows 10 , 64 bit Build 22000 (10.0.22000.708)
Time: Thu Sep  8 16:20:03 2022 Eastern Daylight Time elapsed time: 0.027323 seconds (0d 0h 0m 0s)

---------------  T H R E A D  ---------------

Current thread (0x0000023c20121000):  JavaThread "Unknown thread" [_thread_in_vm, id=34184, stack(0x000000e75d600000,0x000000e75d700000)]

Stack: [0x000000e75d600000,0x000000e75d700000]
Native frames: (J=compiled Java code, j=interpreted, Vv=VM code, C=native code)
V  [jvm.dll+0x5ff40a]
V  [jvm.dll+0x783b65]
V  [jvm.dll+0x78517d]
V  [jvm.dll+0x785833]
V  [jvm.dll+0x249408]
V  [jvm.dll+0x5fc7f4]
V  [jvm.dll+0x5f13c5]
V  [jvm.dll+0x3076bb]
V  [jvm.dll+0x30762a]
V  [jvm.dll+0x307502]
V  [jvm.dll+0x30c466]
V  [jvm.dll+0x355543]
V  [jvm.dll+0x355c46]
V  [jvm.dll+0x355643]
V  [jvm.dll+0x2e2018]
V  [jvm.dll+0x2e31c7]
V  [jvm.dll+0x761f57]
V  [jvm.dll+0x76374c]
V  [jvm.dll+0x362ab9]
V  [jvm.dll+0x7455be]
V  [jvm.dll+0x3cb673]
V  [jvm.dll+0x3cda21]
C  [jli.dll+0x536b]
C  [ucrtbase.dll+0x26c0c]
C  [KERNEL32.DLL+0x154e0]
C  [ntdll.dll+0x485b]


---------------  P R O C E S S  ---------------

Threads class SMR info:
_java_thread_list=0x0000023c1ffa57b0, length=0, elements={
}

Java Threads: ( => current thread )

Other Threads:
  0x0000023c20139800 GCTaskThread "GC Thread#0" [stack: 0x000000e75d700000,0x000000e75d800000] [id=47300]
  0x0000023c2019c800 ConcurrentGCThread "G1 Main Marker" [stack: 0x000000e75d800000,0x000000e75d900000] [id=51444]
  0x0000023c2019d800 ConcurrentGCThread "G1 Conc#0" [stack: 0x000000e75d900000,0x000000e75da00000] [id=38720]

[error occurred during error reporting (printing all threads), id 0xc0000005, EXCEPTION_ACCESS_VIOLATION (0xc0000005) at pc=0x00007ffedde427a7]

VM state:not at safepoint (not fully initialized)

VM Mutex/Monitor currently owned by a thread:  ([mutex/lock_event])
[0x0000023c2011b840] Heap_lock - owner thread: 0x0000023c20121000

Heap address: 0x0000000701800000, size: 4072 MB, Compressed Oops mode: Non-zero based: 0x0000000701800000
Narrow klass base: 0x0000000000000000, Narrow klass shift: 0

GC Heap History (0 events):
No events

Deoptimization events (0 events):
No events

Classes redefined (0 events):
No events

Internal exceptions (0 events):
No events

Events (1 events):
Event: 0.018 Loaded shared library C:\Program Files\JetBrains\IntelliJ IDEA 2020.2.3\jbr\bin\zip.dll


Dynamic libraries:
0x00007ff70c5e0000 - 0x00007ff70c5ea000 	C:\Program Files\JetBrains\IntelliJ IDEA 2020.2.3\jbr\bin\java.exe
0x00007fff34340000 - 0x00007fff34549000 	C:\WINDOWS\SYSTEM32\ntdll.dll
0x00007fff327b0000 - 0x00007fff3286d000 	C:\WINDOWS\System32\KERNEL32.DLL
0x00007fff31850000 - 0x00007fff31bcd000 	C:\WINDOWS\System32\KERNELBASE.dll
0x00007fff31c40000 - 0x00007fff31d51000 	C:\WINDOWS\System32\ucrtbase.dll
0x00007fff13160000 - 0x00007fff13179000 	C:\Program Files\JetBrains\IntelliJ IDEA 2020.2.3\jbr\bin\jli.dll
0x00007fff12bc0000 - 0x00007fff12bd7000 	C:\Program Files\JetBrains\IntelliJ IDEA 2020.2.3\jbr\bin\VCRUNTIME140.dll
0x00007fff33250000 - 0x00007fff333fd000 	C:\WINDOWS\System32\USER32.dll
0x00007fff12140000 - 0x00007fff123e5000 	C:\WINDOWS\WinSxS\amd64_microsoft.windows.common-controls_6595b64144ccf1df_6.0.22000.120_none_9d947278b86cc467\COMCTL32.dll
0x00007fff31820000 - 0x00007fff31846000 	C:\WINDOWS\System32\win32u.dll
0x00007fff33870000 - 0x00007fff33913000 	C:\WINDOWS\System32\msvcrt.dll
0x00007fff33920000 - 0x00007fff33949000 	C:\WINDOWS\System32\GDI32.dll
0x00007fff31d60000 - 0x00007fff31e78000 	C:\WINDOWS\System32\gdi32full.dll
0x00007fff32130000 - 0x00007fff321cd000 	C:\WINDOWS\System32\msvcp_win.dll
0x00007fff32da0000 - 0x00007fff32dd1000 	C:\WINDOWS\System32\IMM32.DLL
0x00007ffeea0e0000 - 0x00007ffeea17d000 	C:\Program Files\JetBrains\IntelliJ IDEA 2020.2.3\jbr\bin\msvcp140.dll
0x00007ffeddb50000 - 0x00007ffede6a8000 	C:\Program Files\JetBrains\IntelliJ IDEA 2020.2.3\jbr\bin\server\jvm.dll
0x00007fff32f50000 - 0x00007fff32ffe000 	C:\WINDOWS\System32\ADVAPI32.dll
0x00007fff34250000 - 0x00007fff342ee000 	C:\WINDOWS\System32\sechost.dll
0x00007fff321d0000 - 0x00007fff322f0000 	C:\WINDOWS\System32\RPCRT4.dll
0x00007fff342f0000 - 0x00007fff342f8000 	C:\WINDOWS\System32\PSAPI.DLL
0x00007fff1c2a0000 - 0x00007fff1c2a9000 	C:\WINDOWS\SYSTEM32\WSOCK32.dll
0x00007fff2ada0000 - 0x00007fff2add3000 	C:\WINDOWS\SYSTEM32\WINMM.dll
0x00007fff2a330000 - 0x00007fff2a33a000 	C:\WINDOWS\SYSTEM32\VERSION.dll
0x00007fff32350000 - 0x00007fff323bf000 	C:\WINDOWS\System32\WS2_32.dll
0x00007fff30a10000 - 0x00007fff30a28000 	C:\WINDOWS\SYSTEM32\kernel.appcore.dll
0x00007fff14980000 - 0x00007fff14991000 	C:\Program Files\JetBrains\IntelliJ IDEA 2020.2.3\jbr\bin\verify.dll
0x00007fff285c0000 - 0x00007fff287e1000 	C:\WINDOWS\SYSTEM32\DBGHELP.DLL
0x00007fff28520000 - 0x00007fff28551000 	C:\WINDOWS\SYSTEM32\dbgcore.DLL
0x00007fff31ff0000 - 0x00007fff3206f000 	C:\WINDOWS\System32\bcryptPrimitives.dll
0x00007fff134c0000 - 0x00007fff134e9000 	C:\Program Files\JetBrains\IntelliJ IDEA 2020.2.3\jbr\bin\java.dll
0x00007fff27e90000 - 0x00007fff27e9b000 	C:\Program Files\JetBrains\IntelliJ IDEA 2020.2.3\jbr\bin\jimage.dll
0x00007fff137a0000 - 0x00007fff137b8000 	C:\Program Files\JetBrains\IntelliJ IDEA 2020.2.3\jbr\bin\zip.dll

dbghelp: loaded successfully - version: 4.0.5 - missing functions: none
symbol engine: initialized successfully - sym options: 0x614 - pdb path: .;C:\Program Files\JetBrains\IntelliJ IDEA 2020.2.3\jbr\bin;C:\WINDOWS\SYSTEM32;C:\WINDOWS\WinSxS\amd64_microsoft.windows.common-controls_6595b64144ccf1df_6.0.22000.120_none_9d947278b86cc467;C:\Program Files\JetBrains\IntelliJ IDEA 2020.2.3\jbr\bin\server

VM Arguments:
java_command: git4idea.http.GitAskPassApp Username for 'https://github.com': 
java_class_path (initial): C:/Program Files/JetBrains/IntelliJ IDEA 2020.2.3/plugins/git4idea/lib/git4idea-rt.jar;C:/Program Files/JetBrains/IntelliJ IDEA 2020.2.3/lib/3rd-party.jar
Launcher Type: SUN_STANDARD

[Global flags]
     intx CICompilerCount                          = 4                                         {product} {ergonomic}
     uint ConcGCThreads                            = 3                                         {product} {ergonomic}
     uint G1ConcRefinementThreads                  = 10                                        {product} {ergonomic}
   size_t G1HeapRegionSize                         = 1048576                                   {product} {ergonomic}
    uintx GCDrainStackTargetSize                   = 64                                        {product} {ergonomic}
   size_t InitialHeapSize                          = 268435456                                 {product} {ergonomic}
   size_t MarkStackSize                            = 4194304                                   {product} {ergonomic}
   size_t MaxHeapSize                              = 4269801472                                {product} {ergonomic}
   size_t MinHeapDeltaBytes                        = 1048576                                   {product} {ergonomic}
    uintx NonNMethodCodeHeapSize                   = 5836300                                {pd product} {ergonomic}
    uintx NonProfiledCodeHeapSize                  = 122910970                              {pd product} {ergonomic}
    uintx ProfiledCodeHeapSize                     = 122910970                              {pd product} {ergonomic}
    uintx ReservedCodeCacheSize                    = 251658240                              {pd product} {ergonomic}
     bool SegmentedCodeCache                       = true                                      {product} {ergonomic}
     bool UseCompressedClassPointers               = true                                 {lp64_product} {ergonomic}
     bool UseCompressedOops                        = true                                 {lp64_product} {ergonomic}
     bool UseG1GC                                  = true                                      {product} {ergonomic}
     bool UseLargePagesIndividualAllocation        = false                                  {pd product} {ergonomic}

Logging:
Log output configuration:
 #0: stdout all=warning uptime,level,tags
 #1: stderr all=off uptime,level,tags

Environment Variables:
PATH=C:/Program Files/Git/mingw64/libexec/git-core;C:/Program Files/Git/mingw64/libexec/git-core;C:\Program Files\Git\mingw64\bin;C:\Program Files\Git\usr\bin;C:\Users\david\bin;C:\Python310\Scripts\;C:\Python310\;C:\Program Files (x86)\Common Files\Oracle\Java\javapath;C:\Program Files (x86)\Razer\ChromaBroadcast\bin;C:\Program Files\Razer\ChromaBroadcast\bin;C:\Program Files\Oculus\Support\oculus-runtime;C:\Program Files (x86)\Razer Chroma SDK\bin;C:\Program Files\Razer Chroma SDK\bin;C:\Program Files (x86)\Intel\Intel(R) Management Engine Components\iCLS\;C:\Program Files\Intel\Intel(R) Management Engine Components\iCLS\;C:\Windows\system32;C:\Windows;C:\Windows\System32\Wbem;C:\Windows\System32\WindowsPowerShell\v1.0\;C:\Windows\System32\OpenSSH\;C:\Program Files (x86)\Intel\Intel(R) Management Engine Components\DAL;C:\Program Files\Intel\Intel(R) Management Engine Components\DAL;C:\Program Files (x86)\Intel\Intel(R) Management Engine Components\IPT;C:\Program Files\Intel\Intel(R) Management Engine Components\IPT;C:\Program Files\Intel\WiFi\bin\;C:\Program Files\Common Files\Intel\WirelessCommon\;C:\Program Files (x86)\NVIDIA Corporation\PhysX\Common;C:\Users\Administrator\AppData\Local\Microsoft\WindowsApps;C:\WINDOWS\system32;C:\WINDOWS;C:\WINDOWS\System32\Wbem;C:\WINDOWS\System32\WindowsPowerShell\v1.0\;C:\WINDOWS\System32\OpenSSH\;C:\Program Files\NVIDIA Corporation\NVIDIA NvDLISR;C:\Program Files\Java\jdk-14.0.2\bin;C:\Program Files\Git\cmd;C:\Program Files\Calibre2\;C:\Program Files\PuTTY\;C:\Program Files\Microsoft SQL Server\130\Tools\Binn\;C:\Program Files\Microsoft SQL Server\Client SDK\ODBC\170\Tools\Binn\;C:\WINDOWS\system32\config\systemprofile\AppData\Local\Microsoft\WindowsApps;C:\Program Files\dotnet\;C:\WINDOWS\system32;C:\WINDOWS;C:\WINDOWS\System32\Wbem;C:\WINDOWS\System32\WindowsPowerShell\v1.0\;C:\WINDOWS\System32\OpenSSH\;C:\Program Files\nodejs\;C:\ProgramData\chocolatey\bin;C:\Users\david\AppData\Local\Microsoft\WindowsApps;C:\Users\david\De
USERNAME=david
DISPLAY=:0.0
LC_ALL=en_US.UTF-8
OS=Windows_NT
PROCESSOR_IDENTIFIER=Intel64 Family 6 Model 158 Stepping 10, GenuineIntel



---------------  S Y S T E M  ---------------

OS: Windows 10 , 64 bit Build 22000 (10.0.22000.708)
OS uptime: 16 days 2:08 hours

CPU:total 12 (initial active 12) (6 cores per cpu, 2 threads per core) family 6 model 158 stepping 10 microcode 0xde, cmov, cx8, fxsr, mmx, sse, sse2, sse3, ssse3, sse4.1, sse4.2, popcnt, avx, avx2, aes, clmul, erms, 3dnowpref, lzcnt, ht, tsc, tscinvbit, bmi1, bmi2, adx, fma

Memory: 4k page, system-wide physical 16284M (2138M free)
TotalPageFile size 65436M (AvailPageFile size 201M)
current process WorkingSet (physical memory assigned to process): 10M, peak: 10M
current process commit charge ("private bytes"): 64M, peak: 320M

vm_info: OpenJDK 64-Bit Server VM (11.0.12+7-b1504.40) for windows-amd64 JRE (11.0.12+7-b1504.40), built on Sep 23 2021 14:38:03 by "" with MS VC++ 14.0 (VS2015)

END.
